2025-02-06 12:43:29,914 - INFO - Converted 0 Celsius to 32.0 Fahrenheit
2025-02-06 12:43:29,915 - INFO - Converted 100 Celsius to 212.0 Fahrenheit
2025-02-06 12:43:29,915 - INFO - Converted -273.15 Celsius to -459.66999999999996 Fahrenheit
2025-02-06 12:43:29,916 - INFO - Converted 0 Celsius to 273.15 Kelvin
2025-02-06 12:43:29,916 - INFO - Converted 100 Celsius to 373.15 Kelvin
2025-02-06 12:43:29,916 - INFO - Converted -273.15 Celsius to 0.0 Kelvin
2025-02-06 12:43:29,916 - INFO - Converted 32 Fahrenheit to 0.0 Celsius
2025-02-06 12:43:29,916 - INFO - Converted 212 Fahrenheit to 100.0 Celsius
2025-02-06 12:43:29,917 - INFO - Converted -459.67 Fahrenheit to -273.15 Celsius
2025-02-06 12:43:29,917 - INFO - Converted 32 Fahrenheit to 273.15 Kelvin
2025-02-06 12:43:29,917 - INFO - Converted 212 Fahrenheit to 373.15 Kelvin
2025-02-06 12:43:29,917 - INFO - Converted -459.67 Fahrenheit to -5.684341886080802e-14 Kelvin
2025-02-06 12:43:29,918 - INFO - Converted 273.15 Kelvin to 0.0 Celsius
2025-02-06 12:43:29,918 - INFO - Converted 373.15 Kelvin to 100.0 Celsius
2025-02-06 12:43:29,919 - INFO - Converted 0 Kelvin to -273.15 Celsius
2025-02-06 12:43:29,919 - INFO - Converted 273.15 Kelvin to 32.0 Fahrenheit
2025-02-06 12:43:29,919 - INFO - Converted 373.15 Kelvin to 212.0 Fahrenheit
2025-02-06 12:43:29,919 - INFO - Converted 0 Kelvin to -459.66999999999996 Fahrenheit
2025-02-06 12:47:32,556 - INFO - Converted 0 Celsius to 32.0 Fahrenheit
2025-02-06 12:47:32,556 - INFO - Converted 100 Celsius to 212.0 Fahrenheit
2025-02-06 12:47:32,556 - INFO - Converted -273.15 Celsius to -459.67 Fahrenheit
2025-02-06 12:47:32,556 - INFO - Converted 0 Celsius to 273.15 Kelvin
2025-02-06 12:47:32,556 - INFO - Converted 100 Celsius to 373.15 Kelvin
2025-02-06 12:47:32,556 - INFO - Converted -273.15 Celsius to 0.0 Kelvin
2025-02-06 12:47:32,557 - INFO - Converted 32 Fahrenheit to 0.0 Celsius
2025-02-06 12:47:32,557 - INFO - Converted 212 Fahrenheit to 100.0 Celsius
2025-02-06 12:47:32,557 - INFO - Converted -459.67 Fahrenheit to -273.15 Celsius
2025-02-06 12:47:32,557 - INFO - Converted 32 Fahrenheit to 273.15 Kelvin
2025-02-06 12:47:32,557 - INFO - Converted 212 Fahrenheit to 373.15 Kelvin
2025-02-06 12:47:32,557 - INFO - Converted -459.67 Fahrenheit to -0.0 Kelvin
2025-02-06 12:47:32,558 - INFO - Converted 273.15 Kelvin to 0.0 Celsius
2025-02-06 12:47:32,558 - INFO - Converted 373.15 Kelvin to 100.0 Celsius
2025-02-06 12:47:32,558 - INFO - Converted 0 Kelvin to -273.15 Celsius
2025-02-06 12:47:32,558 - INFO - Converted 273.15 Kelvin to 32.0 Fahrenheit
2025-02-06 12:47:32,558 - INFO - Converted 373.15 Kelvin to 212.0 Fahrenheit
2025-02-06 12:47:32,559 - INFO - Converted 0 Kelvin to -459.67 Fahrenheit
